<?xml version="1.0" encoding="UTF-8"?>
<testng-results skipped="1" failed="0" ignored="0" total="1" passed="0">
  <reporter-output>
  </reporter-output>
  <suite name="Default suite" duration-ms="43" started-at="2017-05-22T16:49:33Z" finished-at="2017-05-22T16:49:33Z">
    <groups>
    </groups>
    <test name="Default test" duration-ms="43" started-at="2017-05-22T16:49:33Z" finished-at="2017-05-22T16:49:33Z">
      <class name="com.pskindero.javaee.javaeetech.jpa.model.copy.EmployeeDaoImplTest">
        <test-method status="FAIL" signature="setup()[pri:0, instance:com.pskindero.javaee.javaeetech.jpa.model.copy.EmployeeDaoImplTest@1b604f19]" name="setup" is-config="true" duration-ms="635" started-at="2017-05-22T18:49:32Z" finished-at="2017-05-22T18:49:33Z">
          <exception class="javax.persistence.PersistenceException">
            <message>
              <![CDATA[No Persistence provider for EntityManager named employee_db]]>
            </message>
            <full-stacktrace>
              <![CDATA[javax.persistence.PersistenceException: No Persistence provider for EntityManager named employee_db
	at javax.persistence.Persistence.createEntityManagerFactory(Persistence.java:61)
	at javax.persistence.Persistence.createEntityManagerFactory(Persistence.java:39)
	at com.pskindero.javaee.javaeetech.jpa.dao.GenericDaoImpl.<init>(GenericDaoImpl.java:23)
	at com.pskindero.javaee.javaeetech.jpa.dao.impl.EmployeesDaoImpl.<init>(EmployeesDaoImpl.java:11)
	at com.pskindero.javaee.javaeetech.jpa.model.copy.EmployeeDaoImplTest.setup(EmployeeDaoImplTest.java:19)
	at sun.reflect.NativeMethodAccessorImpl.invoke0(Native Method)
	at sun.reflect.NativeMethodAccessorImpl.invoke(NativeMethodAccessorImpl.java:62)
	at sun.reflect.DelegatingMethodAccessorImpl.invoke(DelegatingMethodAccessorImpl.java:43)
	at java.lang.reflect.Method.invoke(Method.java:498)
	at org.testng.internal.MethodInvocationHelper.invokeMethod(MethodInvocationHelper.java:108)
	at org.testng.internal.Invoker.invokeConfigurationMethod(Invoker.java:523)
	at org.testng.internal.Invoker.invokeConfigurations(Invoker.java:224)
	at org.testng.internal.Invoker.invokeConfigurations(Invoker.java:146)
	at org.testng.SuiteRunner.privateRun(SuiteRunner.java:326)
	at org.testng.SuiteRunner.run(SuiteRunner.java:289)
	at org.testng.SuiteRunnerWorker.runSuite(SuiteRunnerWorker.java:52)
	at org.testng.SuiteRunnerWorker.run(SuiteRunnerWorker.java:86)
	at org.testng.TestNG.runSuitesSequentially(TestNG.java:1301)
	at org.testng.TestNG.runSuitesLocally(TestNG.java:1226)
	at org.testng.TestNG.runSuites(TestNG.java:1144)
	at org.testng.TestNG.run(TestNG.java:1115)
	at org.testng.remote.AbstractRemoteTestNG.run(AbstractRemoteTestNG.java:132)
	at org.testng.remote.RemoteTestNG.initAndRun(RemoteTestNG.java:230)
	at org.testng.remote.RemoteTestNG.main(RemoteTestNG.java:76)
]]>
            </full-stacktrace>
          </exception> <!-- javax.persistence.PersistenceException -->
          <reporter-output>
          </reporter-output>
        </test-method> <!-- setup -->
        <test-method status="SKIP" signature="startTime()[pri:0, instance:com.pskindero.javaee.javaeetech.jpa.model.copy.EmployeeDaoImplTest@1b604f19]" name="startTime" is-config="true" duration-ms="0" started-at="2017-05-22T18:49:33Z" finished-at="2017-05-22T18:49:33Z">
          <reporter-output>
          </reporter-output>
        </test-method> <!-- startTime -->
        <test-method status="SKIP" signature="injectMocks()[pri:0, instance:com.pskindero.javaee.javaeetech.jpa.model.copy.EmployeeDaoImplTest@1b604f19]" name="injectMocks" is-config="true" duration-ms="0" started-at="2017-05-22T18:49:33Z" finished-at="2017-05-22T18:49:33Z">
          <reporter-output>
          </reporter-output>
        </test-method> <!-- injectMocks -->
        <test-method status="SKIP" signature="readExistingEmployee()[pri:0, instance:com.pskindero.javaee.javaeetech.jpa.model.copy.EmployeeDaoImplTest@1b604f19]" name="readExistingEmployee" duration-ms="0" started-at="2017-05-22T18:49:33Z" finished-at="2017-05-22T18:49:33Z">
          <exception class="javax.persistence.PersistenceException">
            <message>
              <![CDATA[No Persistence provider for EntityManager named employee_db]]>
            </message>
            <full-stacktrace>
              <![CDATA[javax.persistence.PersistenceException: No Persistence provider for EntityManager named employee_db
	at javax.persistence.Persistence.createEntityManagerFactory(Persistence.java:61)
	at javax.persistence.Persistence.createEntityManagerFactory(Persistence.java:39)
	at com.pskindero.javaee.javaeetech.jpa.dao.GenericDaoImpl.<init>(GenericDaoImpl.java:23)
	at com.pskindero.javaee.javaeetech.jpa.dao.impl.EmployeesDaoImpl.<init>(EmployeesDaoImpl.java:11)
	at com.pskindero.javaee.javaeetech.jpa.model.copy.EmployeeDaoImplTest.setup(EmployeeDaoImplTest.java:19)
	at sun.reflect.NativeMethodAccessorImpl.invoke0(Native Method)
	at sun.reflect.NativeMethodAccessorImpl.invoke(NativeMethodAccessorImpl.java:62)
	at sun.reflect.DelegatingMethodAccessorImpl.invoke(DelegatingMethodAccessorImpl.java:43)
	at java.lang.reflect.Method.invoke(Method.java:498)
	at org.testng.internal.MethodInvocationHelper.invokeMethod(MethodInvocationHelper.java:108)
	at org.testng.internal.Invoker.invokeConfigurationMethod(Invoker.java:523)
	at org.testng.internal.Invoker.invokeConfigurations(Invoker.java:224)
	at org.testng.internal.Invoker.invokeConfigurations(Invoker.java:146)
	at org.testng.SuiteRunner.privateRun(SuiteRunner.java:326)
	at org.testng.SuiteRunner.run(SuiteRunner.java:289)
	at org.testng.SuiteRunnerWorker.runSuite(SuiteRunnerWorker.java:52)
	at org.testng.SuiteRunnerWorker.run(SuiteRunnerWorker.java:86)
	at org.testng.TestNG.runSuitesSequentially(TestNG.java:1301)
	at org.testng.TestNG.runSuitesLocally(TestNG.java:1226)
	at org.testng.TestNG.runSuites(TestNG.java:1144)
	at org.testng.TestNG.run(TestNG.java:1115)
	at org.testng.remote.AbstractRemoteTestNG.run(AbstractRemoteTestNG.java:132)
	at org.testng.remote.RemoteTestNG.initAndRun(RemoteTestNG.java:230)
	at org.testng.remote.RemoteTestNG.main(RemoteTestNG.java:76)
]]>
            </full-stacktrace>
          </exception> <!-- javax.persistence.PersistenceException -->
          <reporter-output>
          </reporter-output>
        </test-method> <!-- readExistingEmployee -->
        <test-method status="SKIP" signature="stopTime()[pri:0, instance:com.pskindero.javaee.javaeetech.jpa.model.copy.EmployeeDaoImplTest@1b604f19]" name="stopTime" is-config="true" duration-ms="0" started-at="2017-05-22T18:49:33Z" finished-at="2017-05-22T18:49:33Z">
          <reporter-output>
          </reporter-output>
        </test-method> <!-- stopTime -->
      </class> <!-- com.pskindero.javaee.javaeetech.jpa.model.copy.EmployeeDaoImplTest -->
    </test> <!-- Default test -->
  </suite> <!-- Default suite -->
</testng-results>
