<?xml version="1.0" encoding="UTF-8"?>
<testng-results skipped="0" failed="2" ignored="0" total="9" passed="7">
  <reporter-output>
  </reporter-output>
  <suite name="Default suite" duration-ms="3129" started-at="2017-05-22T19:19:08Z" finished-at="2017-05-22T19:19:11Z">
    <groups>
    </groups>
    <test name="Default test" duration-ms="3129" started-at="2017-05-22T19:19:08Z" finished-at="2017-05-22T19:19:11Z">
      <class name="com.pskindero.javaee.javaeetech.endpoints.DepartmentsRestTest">
        <test-method status="PASS" signature="restGET_AllDepartments_Parse()[pri:0, instance:com.pskindero.javaee.javaeetech.endpoints.DepartmentsRestTest@7823a2f9]" name="restGET_AllDepartments_Parse" duration-ms="2350" started-at="2017-05-22T21:19:08Z" finished-at="2017-05-22T21:19:10Z">
          <reporter-output>
          </reporter-output>
        </test-method> <!-- restGET_AllDepartments_Parse -->
        <test-method status="PASS" signature="restGET_AllDepartments_ResultOk()[pri:0, instance:com.pskindero.javaee.javaeetech.endpoints.DepartmentsRestTest@7823a2f9]" name="restGET_AllDepartments_ResultOk" duration-ms="64" started-at="2017-05-22T21:19:10Z" finished-at="2017-05-22T21:19:10Z">
          <reporter-output>
          </reporter-output>
        </test-method> <!-- restGET_AllDepartments_ResultOk -->
        <test-method status="PASS" signature="restGET_DupaDepartment_ResultOk()[pri:0, instance:com.pskindero.javaee.javaeetech.endpoints.DepartmentsRestTest@7823a2f9]" name="restGET_DupaDepartment_ResultOk" duration-ms="56" started-at="2017-05-22T21:19:10Z" finished-at="2017-05-22T21:19:10Z">
          <reporter-output>
          </reporter-output>
        </test-method> <!-- restGET_DupaDepartment_ResultOk -->
      </class> <!-- com.pskindero.javaee.javaeetech.endpoints.DepartmentsRestTest -->
      <class name="com.pskindero.javaee.javaeetech.endpoints.ManagersRestTest">
        <test-method status="PASS" signature="restGET_AllManagers_Parse()[pri:0, instance:com.pskindero.javaee.javaeetech.endpoints.ManagersRestTest@5c7fa833]" name="restGET_AllManagers_Parse" duration-ms="144" started-at="2017-05-22T21:19:10Z" finished-at="2017-05-22T21:19:11Z">
          <reporter-output>
          </reporter-output>
        </test-method> <!-- restGET_AllManagers_Parse -->
        <test-method status="PASS" signature="restGET_AllManagers_ResultOk()[pri:0, instance:com.pskindero.javaee.javaeetech.endpoints.ManagersRestTest@5c7fa833]" name="restGET_AllManagers_ResultOk" duration-ms="55" started-at="2017-05-22T21:19:11Z" finished-at="2017-05-22T21:19:11Z">
          <reporter-output>
          </reporter-output>
        </test-method> <!-- restGET_AllManagers_ResultOk -->
        <test-method status="FAIL" signature="restGET_FirstManager_ResultOk()[pri:0, instance:com.pskindero.javaee.javaeetech.endpoints.ManagersRestTest@5c7fa833]" name="restGET_FirstManager_ResultOk" duration-ms="47" started-at="2017-05-22T21:19:11Z" finished-at="2017-05-22T21:19:11Z">
          <exception class="java.lang.AssertionError">
            <message>
              <![CDATA[Invalid response status expected [200] but found [204]]]>
            </message>
            <full-stacktrace>
              <![CDATA[java.lang.AssertionError: Invalid response status expected [200] but found [204]
	at org.testng.Assert.fail(Assert.java:93)
	at org.testng.Assert.failNotEquals(Assert.java:512)
	at org.testng.Assert.assertEqualsImpl(Assert.java:134)
	at org.testng.Assert.assertEquals(Assert.java:115)
	at org.testng.Assert.assertEquals(Assert.java:388)
	at com.pskindero.javaee.javaeetech.util.BaseRestTest.execGetAndAssertIfNotOkStatus(BaseRestTest.java:22)
	at com.pskindero.javaee.javaeetech.endpoints.ManagersRestTest.restGET_FirstManager_ResultOk(ManagersRestTest.java:33)
	at sun.reflect.NativeMethodAccessorImpl.invoke0(Native Method)
	at sun.reflect.NativeMethodAccessorImpl.invoke(NativeMethodAccessorImpl.java:62)
	at sun.reflect.DelegatingMethodAccessorImpl.invoke(DelegatingMethodAccessorImpl.java:43)
	at java.lang.reflect.Method.invoke(Method.java:498)
	at org.testng.internal.MethodInvocationHelper.invokeMethod(MethodInvocationHelper.java:108)
	at org.testng.internal.Invoker.invokeMethod(Invoker.java:661)
	at org.testng.internal.Invoker.invokeTestMethod(Invoker.java:869)
	at org.testng.internal.Invoker.invokeTestMethods(Invoker.java:1193)
	at org.testng.internal.TestMethodWorker.invokeTestMethods(TestMethodWorker.java:126)
	at org.testng.internal.TestMethodWorker.run(TestMethodWorker.java:109)
	at org.testng.TestRunner.privateRun(TestRunner.java:744)
	at org.testng.TestRunner.run(TestRunner.java:602)
	at org.testng.SuiteRunner.runTest(SuiteRunner.java:380)
	at org.testng.SuiteRunner.runSequentially(SuiteRunner.java:375)
	at org.testng.SuiteRunner.privateRun(SuiteRunner.java:340)
	at org.testng.SuiteRunner.run(SuiteRunner.java:289)
	at org.testng.SuiteRunnerWorker.runSuite(SuiteRunnerWorker.java:52)
	at org.testng.SuiteRunnerWorker.run(SuiteRunnerWorker.java:86)
	at org.testng.TestNG.runSuitesSequentially(TestNG.java:1301)
	at org.testng.TestNG.runSuitesLocally(TestNG.java:1226)
	at org.testng.TestNG.runSuites(TestNG.java:1144)
	at org.testng.TestNG.run(TestNG.java:1115)
	at org.testng.remote.AbstractRemoteTestNG.run(AbstractRemoteTestNG.java:132)
	at org.testng.remote.RemoteTestNG.initAndRun(RemoteTestNG.java:230)
	at org.testng.remote.RemoteTestNG.main(RemoteTestNG.java:76)
]]>
            </full-stacktrace>
          </exception> <!-- java.lang.AssertionError -->
          <reporter-output>
          </reporter-output>
        </test-method> <!-- restGET_FirstManager_ResultOk -->
      </class> <!-- com.pskindero.javaee.javaeetech.endpoints.ManagersRestTest -->
      <class name="com.pskindero.javaee.javaeetech.endpoints.EmployeesRestTest">
        <test-method status="FAIL" signature="restGET_AllEmployees_Parse()[pri:0, instance:com.pskindero.javaee.javaeetech.endpoints.EmployeesRestTest@39aeed2f]" name="restGET_AllEmployees_Parse" duration-ms="170" started-at="2017-05-22T21:19:10Z" finished-at="2017-05-22T21:19:10Z">
          <exception class="javax.ws.rs.ProcessingException">
            <message>
              <![CDATA[org.codehaus.jackson.map.exc.UnrecognizedPropertyException: Unrecognized field "department" (Class com.pskindero.javaee.javaeetech.jpa.entity.Employee), not marked as ignorable
 at [Source: org.apache.http.conn.EofSensorInputStream@24ba9639; line: 1, column: 128] (through reference chain: com.pskindero.javaee.javaeetech.jpa.entity.Employee["department"])]]>
            </message>
            <full-stacktrace>
              <![CDATA[javax.ws.rs.ProcessingException: org.codehaus.jackson.map.exc.UnrecognizedPropertyException: Unrecognized field "department" (Class com.pskindero.javaee.javaeetech.jpa.entity.Employee), not marked as ignorable
 at [Source: org.apache.http.conn.EofSensorInputStream@24ba9639; line: 1, column: 128] (through reference chain: com.pskindero.javaee.javaeetech.jpa.entity.Employee["department"])
	at org.jboss.resteasy.client.jaxrs.internal.ClientResponse.readFrom(ClientResponse.java:282)
	at org.jboss.resteasy.client.jaxrs.internal.ClientResponse.readEntity(ClientResponse.java:178)
	at org.jboss.resteasy.specimpl.BuiltResponse.readEntity(BuiltResponse.java:226)
	at com.pskindero.javaee.javaeetech.endpoints.EmployeesRestTest.restGET_AllEmployees_Parse(EmployeesRestTest.java:26)
	at sun.reflect.NativeMethodAccessorImpl.invoke0(Native Method)
	at sun.reflect.NativeMethodAccessorImpl.invoke(NativeMethodAccessorImpl.java:62)
	at sun.reflect.DelegatingMethodAccessorImpl.invoke(DelegatingMethodAccessorImpl.java:43)
	at java.lang.reflect.Method.invoke(Method.java:498)
	at org.testng.internal.MethodInvocationHelper.invokeMethod(MethodInvocationHelper.java:108)
	at org.testng.internal.Invoker.invokeMethod(Invoker.java:661)
	at org.testng.internal.Invoker.invokeTestMethod(Invoker.java:869)
	at org.testng.internal.Invoker.invokeTestMethods(Invoker.java:1193)
	at org.testng.internal.TestMethodWorker.invokeTestMethods(TestMethodWorker.java:126)
	at org.testng.internal.TestMethodWorker.run(TestMethodWorker.java:109)
	at org.testng.TestRunner.privateRun(TestRunner.java:744)
	at org.testng.TestRunner.run(TestRunner.java:602)
	at org.testng.SuiteRunner.runTest(SuiteRunner.java:380)
	at org.testng.SuiteRunner.runSequentially(SuiteRunner.java:375)
	at org.testng.SuiteRunner.privateRun(SuiteRunner.java:340)
	at org.testng.SuiteRunner.run(SuiteRunner.java:289)
	at org.testng.SuiteRunnerWorker.runSuite(SuiteRunnerWorker.java:52)
	at org.testng.SuiteRunnerWorker.run(SuiteRunnerWorker.java:86)
	at org.testng.TestNG.runSuitesSequentially(TestNG.java:1301)
	at org.testng.TestNG.runSuitesLocally(TestNG.java:1226)
	at org.testng.TestNG.runSuites(TestNG.java:1144)
	at org.testng.TestNG.run(TestNG.java:1115)
	at org.testng.remote.AbstractRemoteTestNG.run(AbstractRemoteTestNG.java:132)
	at org.testng.remote.RemoteTestNG.initAndRun(RemoteTestNG.java:230)
	at org.testng.remote.RemoteTestNG.main(RemoteTestNG.java:76)
Caused by: org.codehaus.jackson.map.exc.UnrecognizedPropertyException: Unrecognized field "department" (Class com.pskindero.javaee.javaeetech.jpa.entity.Employee), not marked as ignorable
 at [Source: org.apache.http.conn.EofSensorInputStream@24ba9639; line: 1, column: 128] (through reference chain: com.pskindero.javaee.javaeetech.jpa.entity.Employee["department"])
	at org.codehaus.jackson.map.exc.UnrecognizedPropertyException.from(UnrecognizedPropertyException.java:53)
	at org.codehaus.jackson.map.deser.StdDeserializationContext.unknownFieldException(StdDeserializationContext.java:267)
	at org.codehaus.jackson.map.deser.std.StdDeserializer.reportUnknownProperty(StdDeserializer.java:673)
	at org.codehaus.jackson.map.deser.std.StdDeserializer.handleUnknownProperty(StdDeserializer.java:659)
	at org.codehaus.jackson.map.deser.BeanDeserializer.handleUnknownProperty(BeanDeserializer.java:1365)
	at org.codehaus.jackson.map.deser.BeanDeserializer._handleUnknown(BeanDeserializer.java:725)
	at org.codehaus.jackson.map.deser.BeanDeserializer.deserializeFromObject(BeanDeserializer.java:703)
	at org.codehaus.jackson.map.deser.BeanDeserializer.deserialize(BeanDeserializer.java:580)
	at org.codehaus.jackson.map.deser.std.CollectionDeserializer.deserialize(CollectionDeserializer.java:217)
	at org.codehaus.jackson.map.deser.std.CollectionDeserializer.deserialize(CollectionDeserializer.java:194)
	at org.codehaus.jackson.map.deser.std.CollectionDeserializer.deserialize(CollectionDeserializer.java:30)
	at org.codehaus.jackson.map.ObjectMapper._readValue(ObjectMapper.java:2704)
	at org.codehaus.jackson.map.ObjectMapper.readValue(ObjectMapper.java:1315)
	at org.codehaus.jackson.jaxrs.JacksonJsonProvider.readFrom(JacksonJsonProvider.java:419)
	at org.jboss.resteasy.core.interception.jaxrs.AbstractReaderInterceptorContext.readFrom(AbstractReaderInterceptorContext.java:66)
	at org.jboss.resteasy.core.interception.jaxrs.AbstractReaderInterceptorContext.proceed(AbstractReaderInterceptorContext.java:56)
	at org.jboss.resteasy.client.jaxrs.internal.ClientResponse.readFrom(ClientResponse.java:248)
	... 28 more
]]>
            </full-stacktrace>
          </exception> <!-- javax.ws.rs.ProcessingException -->
          <reporter-output>
          </reporter-output>
        </test-method> <!-- restGET_AllEmployees_Parse -->
        <test-method status="PASS" signature="restGET_AllEmployees_ResultOk()[pri:0, instance:com.pskindero.javaee.javaeetech.endpoints.EmployeesRestTest@39aeed2f]" name="restGET_AllEmployees_ResultOk" duration-ms="52" started-at="2017-05-22T21:19:10Z" finished-at="2017-05-22T21:19:10Z">
          <reporter-output>
          </reporter-output>
        </test-method> <!-- restGET_AllEmployees_ResultOk -->
        <test-method status="PASS" signature="restGET_FirstEmployee_ResultOk()[pri:0, instance:com.pskindero.javaee.javaeetech.endpoints.EmployeesRestTest@39aeed2f]" name="restGET_FirstEmployee_ResultOk" duration-ms="54" started-at="2017-05-22T21:19:10Z" finished-at="2017-05-22T21:19:10Z">
          <reporter-output>
          </reporter-output>
        </test-method> <!-- restGET_FirstEmployee_ResultOk -->
      </class> <!-- com.pskindero.javaee.javaeetech.endpoints.EmployeesRestTest -->
    </test> <!-- Default test -->
  </suite> <!-- Default suite -->
</testng-results>
